<?xml version="1.0" encoding="UTF-8"?>
<!-- Generated by org.testng.reporters.JUnitXMLReporter -->
<testsuite hostname="Greens-15-PC" ignored="0" name="Test" tests="5" failures="0" timestamp="22 Jun 2018 05:16:27 GMT" time="0.047" errors="0">
  <testcase name="e" time="0.016" classname="org.Test.Samp_2"/>
  <testcase name="d" time="0.015" classname="org.Test.Samp_2"/>
  <testcase name="a" time="0.0" classname="org.Test.Samp_1"/>
  <testcase name="c" time="0.0" classname="org.Test.Samp_1"/>
  <testcase name="b" time="0.0" classname="org.Test.Samp_1"/>
</testsuite> <!-- Test -->
