<?xml version="1.0" encoding="UTF-8"?>
<testng-results skipped="0" failed="0" ignored="0" total="5" passed="5">
  <reporter-output>
  </reporter-output>
  <suite name="Default suite" duration-ms="62" started-at="2018-06-22T05:17:58Z" finished-at="2018-06-22T05:17:58Z">
    <groups>
    </groups>
    <test name="Default test" duration-ms="62" started-at="2018-06-22T05:17:58Z" finished-at="2018-06-22T05:17:58Z">
      <class name="org.Test.Samp_1">
        <test-method status="PASS" signature="e()[pri:-2, instance:org.Test.Samp_1@7c0e2abd]" name="e" duration-ms="16" started-at="2018-06-22T05:17:58Z" finished-at="2018-06-22T05:17:58Z">
          <reporter-output>
          </reporter-output>
        </test-method> <!-- e -->
        <test-method status="PASS" signature="b()[pri:0, instance:org.Test.Samp_1@7c0e2abd]" name="b" duration-ms="0" started-at="2018-06-22T05:17:58Z" finished-at="2018-06-22T05:17:58Z">
          <reporter-output>
          </reporter-output>
        </test-method> <!-- b -->
        <test-method status="PASS" signature="c()[pri:0, instance:org.Test.Samp_1@7c0e2abd]" name="c" duration-ms="15" started-at="2018-06-22T05:17:58Z" finished-at="2018-06-22T05:17:58Z">
          <reporter-output>
          </reporter-output>
        </test-method> <!-- c -->
        <test-method status="PASS" signature="d()[pri:-1, instance:org.Test.Samp_1@7c0e2abd]" name="d" duration-ms="0" started-at="2018-06-22T05:17:58Z" finished-at="2018-06-22T05:17:58Z">
          <reporter-output>
          </reporter-output>
        </test-method> <!-- d -->
        <test-method status="PASS" signature="a()[pri:0, instance:org.Test.Samp_1@7c0e2abd]" name="a" duration-ms="0" started-at="2018-06-22T05:17:58Z" finished-at="2018-06-22T05:17:58Z">
          <reporter-output>
          </reporter-output>
        </test-method> <!-- a -->
      </class> <!-- org.Test.Samp_1 -->
    </test> <!-- Default test -->
  </suite> <!-- Default suite -->
</testng-results>
